Build started 2015/8/21 21:59:27.
     1>Project "H:\Project\Visual Studio 2013\Evaluation\Evaluation\Evaluation.vcxproj" on node 2 (Build target(s)).
     1>ClCompile:
         D:\Develop\Microsoft Visual Studio 12.0\VC\bin\CL.exe /c /I.\GeneratedFiles /I. /ID:\Develop\Qt\Qt5.5.0\5.5\msvc2013_64\include /I.\GeneratedFiles\Debug /ID:\Develop\Qt\Qt5.5.0\5.5\msvc2013_64\include\QtCore /ID:\Develop\Qt\Qt5.5.0\5.5\msvc2013_64\include\QtGui /ID:\Develop\Qt\Qt5.5.0\5.5\msvc2013_64\include\QtWidgets /Zi /nologo /W1 /WX- /Od /Oy- /D UNICODE /D WIN32 /D WIN64 /D QT_DLL /D QT_CORE_LIB /D QT_GUI_LIB /D QT_WIDGETS_LIB /Gm- /EHsc /MDd /GS /fp:precise /Zc:wchar_t /Zc:forScope /Fo"Debug\\" /Fd"Debug\vc120.pdb" /Gd /TP /analyze- /errorReport:prompt GeneratedFiles\Debug\moc_evaluation.cpp evaluation.cpp main.cpp
         moc_evaluation.cpp
         evaluation.cpp
         main.cpp
         Generating Code...
         D:\Develop\Microsoft Visual Studio 12.0\VC\bin\CL.exe /c /I.\GeneratedFiles /I. /ID:\Develop\Qt\Qt5.5.0\5.5\msvc2013_64\include /I.\GeneratedFiles\Debug /ID:\Develop\Qt\Qt5.5.0\5.5\msvc2013_64\include\QtCore /ID:\Develop\Qt\Qt5.5.0\5.5\msvc2013_64\include\QtGui /ID:\Develop\Qt\Qt5.5.0\5.5\msvc2013_64\include\QtWidgets /Zi /nologo /W1 /WX- /Od /Oy- /D UNICODE /D WIN32 /D WIN64 /D QT_DLL /D QT_CORE_LIB /D QT_GUI_LIB /D QT_WIDGETS_LIB /Gm- /EHsc /MDd /GS /fp:precise /Zc:wchar_t /Zc:forScope /Fo"Debug\\" /Fd"Debug\vc120.pdb" /Gd /TP /analyze- /errorReport:prompt GeneratedFiles\qrc_evaluation.cpp
         qrc_evaluation.cpp
       Link:
         D:\Develop\Microsoft Visual Studio 12.0\VC\bin\link.exe /ERRORREPORT:PROMPT /OUT:"H:\Project\Visual Studio 2013\Evaluation\Win32\Debug\\Evaluation.exe" /NOLOGO /LIBPATH:D:\Develop\Qt\Qt5.5.0\5.5\msvc2013_64\lib qtmaind.lib Qt5Cored.lib Qt5Guid.lib Qt5Widgetsd.lib kernel32.lib user32.lib gdi32.lib winspool.lib comdlg32.lib advapi32.lib shell32.lib ole32.lib oleaut32.lib uuid.lib odbc32.lib odbccp32.lib /MANIFEST /MANIFESTUAC:"level='asInvoker' uiAccess='false'" /manifest:embed /DEBUG /PDB:"H:\Project\Visual Studio 2013\Evaluation\Win32\Debug\Evaluation.pdb" /SUBSYSTEM:WINDOWS /TLBID:1 /DYNAMICBASE /NXCOMPAT /IMPLIB:"H:\Project\Visual Studio 2013\Evaluation\Win32\Debug\Evaluation.lib" /MACHINE:X64 /SAFESEH Debug\evaluation.obj
         Debug\moc_evaluation.obj
         Debug\qrc_evaluation.obj
         Debug\main.obj
     1>Debug\evaluation.obj : fatal error LNK1112: module machine type 'X86' conflicts with target machine type 'x64'
     1>Done Building Project "H:\Project\Visual Studio 2013\Evaluation\Evaluation\Evaluation.vcxproj" (Build target(s)) -- FAILED.

Build FAILED.

Time Elapsed 00:00:02.63
